This file contains any messages produced by compilers while
running configure, to aid debugging if configure makes a mistake.

It was created by configure, which was
generated by GNU Autoconf 2.59.  Invocation command line was

  $ ./configure --prefix=/usr/local --with-debug --with-ndb-debug --with-plugin-innobase CFLAGS=-g -O0 -DDBUG_ON -DSAFE_MUTEX  CXXFLAGS=-g -O0 -DDBUG_ON -DSAFE_MUTEX -fno-implicit-templates -fno-exceptions -fno-rtti --cache-file=/dev/null --srcdir=.

## --------- ##
## Platform. ##
## --------- ##

hostname = localhost.localdomain
uname -m = x86_64
uname -r = 6.0.6-1-default
uname -s = Linux
uname -v = #1 SMP PREEMPT_DYNAMIC Wed Nov 2 07:02:44 UTC 2022 (aaed0f2)

/usr/bin/uname -p = x86_64
/bin/uname -X     = unknown

/bin/arch              = x86_64
/usr/bin/arch -k       = unknown
/usr/convex/getsysinfo = unknown
hostinfo               = unknown
/bin/machine           = unknown
/usr/bin/oslevel       = unknown
/bin/universe          = unknown

PATH: /usr/local/sbin
PATH: /usr/local/bin
PATH: /sbin
PATH: /bin
PATH: /usr/sbin
PATH: /usr/bin


## ----------- ##
## Core tests. ##
## ----------- ##

configure:1401: loading site script /usr/share/site/x86_64-pc-linux-gnu
| #!/bin/sh
| # Site script for configure. It is resourced via $CONFIG_SITE environment varaible.
| 
| # If user did not specify libdir, guess the correct target:
| # Use lib64 for 64 bit bi-arch targets, keep the default for the rest.
| if test "$libdir" = '${exec_prefix}/lib' ; then
| 
| 	ac_config_site_64bit_host=NONE
| 
| 	case "$host" in
| 	"" )
| 		# User did not specify host target.
| 		# The native platform x86_64 is a bi-arch platform.
| 		# Try to detect cross-compilation to inferior architecture.
| 
| 		# We are trying to guess 32-bit target compilation. It's not as easy as
| 		# it sounds, as there is possible several intermediate combinations.
| 		ac_config_site_cross_to_32bit_host=NONE
| 
| 		# User defined -m32 in CFLAGS or CXXFLAGS or CC or CXX:
| 		# (It's sufficient for 32-bit, but alone may cause mis-behavior of some checks.)
| 		case "$CFLAGS $CXXFLAGS $CC $CXX" in
| 		*-m32*)
| 			ac_config_site_cross_to_32bit_host=YES
| 			;;
| 		esac
| 
| 		# Running with linux32:
| 		# (Changes detected platform, but not the toolchain target.)
| 		case "`/bin/uname -i`" in
| 		x86_64 | ppc64 | s390x | aarch64 )
| 			;;
| 		* )
| 			ac_config_site_cross_to_32bit_host=YES
| 			;;
| 		esac
| 
| 		if test "x$ac_config_site_cross_to_32bit_host" = xNONE; then
| 			ac_config_site_64bit_host=YES
| 		fi
| 
| 		;;
| 	*x86_64* | *ppc64* | *s390x* | *aarch64* )
| 		ac_config_site_64bit_host=YES
| 		;;
| 	esac
| 
| 	if test "x$ac_config_site_64bit_host" = xYES; then
| 		libdir='${exec_prefix}/lib64'
| 	fi
| fi
| 
| # Continue with the standard behavior of configure defined in AC_SITE_LOAD:
| if test "x$prefix" != xNONE; then
| 	ac_site_files="$prefix/share/config.site $prefix/etc/config.site"
| else
| 	ac_site_files="$ac_default_prefix/share/config.site $ac_default_prefix/etc/config.site"
| fi
| 
| for ac_site_file in $ac_site_files
| do
| 	case $ac_site_file in #(
| 	*/*) :
| 		 ;; #(
| 	*) :
| 		ac_site_file=./$ac_site_file ;;
| esac
| 	if test -f "$ac_site_file" && test -r "$ac_site_file"; then
| 		{ printf "%s\n" "/usr/share/site/x86_64-pc-linux-gnu:${as_lineno-$LINENO}: loading site script $ac_site_file" >&5
| printf "%s\n" "/usr/share/site/x86_64-pc-linux-gnu: loading site script $ac_site_file" >&6;}
| 		sed 's/^/| /' "$ac_site_file" >&5
| 		. "$ac_site_file" \
| 			|| { { printf "%s\n" "/usr/share/site/x86_64-pc-linux-gnu:${as_lineno-$LINENO}: error: in \`$ac_pwd':" >&5
| printf "%s\n" "/usr/share/site/x86_64-pc-linux-gnu: error: in \`$ac_pwd':" >&2;}
| as_fn_error $? "failed to load site script $ac_site_file
| See \`config.log' for more details" "$LINENO" 5; }
| 	fi
| done
configure:1531: checking build system type
configure:1549: result: x86_64-unknown-linux-gnu
configure:1557: checking host system type
configure:1571: result: x86_64-unknown-linux-gnu
configure:1579: checking target system type
configure:1593: result: x86_64-unknown-linux-gnu
configure:1607: checking whether to enable maintainer-specific portions of Makefiles
configure:1616: result: no
configure:1647: checking for a BSD-compatible install
configure:1702: result: /bin/install -c
configure:1713: checking whether build environment is sane
configure:1756: result: yes
configure:1813: checking for gawk
configure:1829: found /bin/gawk
configure:1839: result: gawk
configure:1849: checking whether make sets $(MAKE)
configure:1869: result: yes
configure:2106: checking for gcc
configure:2132: result: gcc
configure:2376: checking for C compiler version
configure:2379: gcc --version </dev/null >&5
gcc (SUSE Linux) 12.2.1 20221020 [revision 0aaef83351473e8f4eb774f8f999bbe87a4866d7]
Copyright (C) 2022 Free Software Foundation, Inc.
This is free software; see the source for copying conditions.  There is NO
warranty; not even for MERCHANTABILITY or FITNESS FOR A PARTICULAR PURPOSE.

configure:2382: $? = 0
configure:2384: gcc -v </dev/null >&5
Using built-in specs.
COLLECT_GCC=gcc
COLLECT_LTO_WRAPPER=/usr/lib64/gcc/x86_64-suse-linux/12/lto-wrapper
OFFLOAD_TARGET_NAMES=nvptx-none:amdgcn-amdhsa
OFFLOAD_TARGET_DEFAULT=1
Target: x86_64-suse-linux
Configured with: ../configure --prefix=/usr --infodir=/usr/share/info --mandir=/usr/share/man --libdir=/usr/lib64 --libexecdir=/usr/lib64 --enable-languages=c,c++,objc,fortran,obj-c++,ada,go,d,jit --enable-offload-targets=nvptx-none,amdgcn-amdhsa, --enable-offload-defaulted --without-cuda-driver --enable-host-shared --enable-checking=release --disable-werror --with-gxx-include-dir=/usr/include/c++/12 --enable-ssp --disable-libssp --disable-libvtv --enable-cet=auto --disable-libcc1 --enable-plugin --with-bugurl=https://bugs.opensuse.org/ --with-pkgversion='SUSE Linux' --with-slibdir=/lib64 --with-system-zlib --enable-libstdcxx-allocator=new --disable-libstdcxx-pch --enable-libphobos --enable-version-specific-runtime-libs --with-gcc-major-version-only --enable-linker-build-id --enable-linux-futex --enable-gnu-indirect-function --program-suffix=-12 --without-system-libunwind --enable-multilib --with-arch-32=x86-64 --with-tune=generic --with-build-config=bootstrap-lto-lean --enable-link-mutex --build=x86_64-suse-linux --host=x86_64-suse-linux
Thread model: posix
Supported LTO compression algorithms: zlib zstd
gcc version 12.2.1 20221020 [revision 0aaef83351473e8f4eb774f8f999bbe87a4866d7] (SUSE Linux) 
configure:2387: $? = 0
configure:2389: gcc -V </dev/null >&5
gcc: error: unrecognized command-line option '-V'
gcc: fatal error: no input files
compilation terminated.
configure:2392: $? = 1
configure:2415: checking for C compiler default output file name
configure:2418: gcc -g -O0 -DDBUG_ON -DSAFE_MUTEX     -rdynamic  conftest.c  >&5
configure:2421: $? = 0
configure:2467: result: a.out
configure:2472: checking whether the C compiler works
configure:2478: ./a.out
configure:2481: $? = 0
configure:2498: result: yes
configure:2505: checking whether we are cross compiling
configure:2507: result: no
configure:2510: checking for suffix of executables
configure:2512: gcc -o conftest -g -O0 -DDBUG_ON -DSAFE_MUTEX     -rdynamic  conftest.c  >&5
configure:2515: $? = 0
configure:2540: result: 
configure:2546: checking for suffix of object files
configure:2567: gcc -c -g -O0 -DDBUG_ON -DSAFE_MUTEX    conftest.c >&5
configure:2570: $? = 0
configure:2592: result: o
configure:2596: checking whether we are using the GNU C compiler
configure:2620: gcc -c -g -O0 -DDBUG_ON -DSAFE_MUTEX    conftest.c >&5
configure:2626: $? = 0
configure:2630: test -z 
			 || test ! -s conftest.err
configure:2633: $? = 0
configure:2636: test -s conftest.o
configure:2639: $? = 0
configure:2652: result: yes
configure:2658: checking whether gcc accepts -g
configure:2679: gcc -c -g  conftest.c >&5
configure:2685: $? = 0
configure:2689: test -z 
			 || test ! -s conftest.err
configure:2692: $? = 0
configure:2695: test -s conftest.o
configure:2698: $? = 0
configure:2709: result: yes
configure:2726: checking for gcc option to accept ANSI C
configure:2796: gcc  -c -g -O0 -DDBUG_ON -DSAFE_MUTEX    conftest.c >&5
configure:2802: $? = 0
configure:2806: test -z 
			 || test ! -s conftest.err
configure:2809: $? = 0
configure:2812: test -s conftest.o
configure:2815: $? = 0
configure:2833: result: none needed
configure:2851: gcc -c -g -O0 -DDBUG_ON -DSAFE_MUTEX    conftest.c >&5
conftest.c:2:3: error: unknown type name 'choke'
    2 |   choke me
      |   ^~~~~
conftest.c:2:3: error: expected '=', ',', ';', 'asm' or '__attribute__' at end of input
configure:2857: $? = 1
configure: failed program was:
| #ifndef __cplusplus
|   choke me
| #endif
configure:3001: checking for style of include used by make
configure:3029: result: GNU
configure:3057: checking dependency style of gcc
configure:3142: result: gcc3
configure:3200: checking for ranlib
configure:3216: found /bin/ranlib
configure:3227: result: ranlib
configure:3252: checking for a BSD-compatible install
configure:3307: result: /bin/install -c
configure:3390: checking for a sed that does not truncate output
configure:3444: result: /bin/sed
configure:3447: checking for egrep
configure:3457: result: grep -E
configure:3473: checking for ld used by gcc
configure:3540: result: /usr/x86_64-suse-linux/bin/ld -m elf_x86_64
configure:3549: checking if the linker (/usr/x86_64-suse-linux/bin/ld -m elf_x86_64) is GNU ld
configure:3564: result: yes
configure:3569: checking for /usr/x86_64-suse-linux/bin/ld -m elf_x86_64 option to reload object files
configure:3576: result: -r
configure:3585: checking for BSD-compatible nm
configure:3627: result: /bin/nm -B
configure:3631: checking whether ln -s works
configure:3635: result: yes
configure:3642: checking how to recognise dependent libraries
configure:3825: result: pass_all
configure:3910: gcc -c -g -O0 -DDBUG_ON -DSAFE_MUTEX    conftest.c >&5
configure:3913: $? = 0
configure:4039: checking how to run the C preprocessor
configure:4074: gcc -E  conftest.c
configure:4080: $? = 0
configure:4112: gcc -E  conftest.c
conftest.c:11:10: fatal error: ac_nonexistent.h: No such file or directory
   11 | #include <ac_nonexistent.h>
      |          ^~~~~~~~~~~~~~~~~~
compilation terminated.
configure:4118: $? = 1
configure: failed program was:
| /* confdefs.h.  */
| 
| #define PACKAGE_NAME ""
| #define PACKAGE_TARNAME ""
| #define PACKAGE_VERSION ""
| #define PACKAGE_STRING ""
| #define PACKAGE_BUGREPORT ""
| #define PACKAGE "ib"
| #define VERSION "0.90"
| /* end confdefs.h.  */
| #include <ac_nonexistent.h>
configure:4157: result: gcc -E
configure:4181: gcc -E  conftest.c
configure:4187: $? = 0
configure:4219: gcc -E  conftest.c
conftest.c:11:10: fatal error: ac_nonexistent.h: No such file or directory
   11 | #include <ac_nonexistent.h>
      |          ^~~~~~~~~~~~~~~~~~
compilation terminated.
configure:4225: $? = 1
configure: failed program was:
| /* confdefs.h.  */
| 
| #define PACKAGE_NAME ""
| #define PACKAGE_TARNAME ""
| #define PACKAGE_VERSION ""
| #define PACKAGE_STRING ""
| #define PACKAGE_BUGREPORT ""
| #define PACKAGE "ib"
| #define VERSION "0.90"
| /* end confdefs.h.  */
| #include <ac_nonexistent.h>
configure:4269: checking for ANSI C header files
configure:4294: gcc -c -g -O0 -DDBUG_ON -DSAFE_MUTEX    conftest.c >&5
configure:4300: $? = 0
configure:4304: test -z 
			 || test ! -s conftest.err
configure:4307: $? = 0
configure:4310: test -s conftest.o
configure:4313: $? = 0
configure:4402: gcc -o conftest -g -O0 -DDBUG_ON -DSAFE_MUTEX     -rdynamic  conftest.c  >&5
conftest.c: In function 'main':
conftest.c:28:7: warning: implicit declaration of function 'exit' [-Wimplicit-function-declaration]
   28 |       exit(2);
      |       ^~~~
conftest.c:12:1: note: include '<stdlib.h>' or provide a declaration of 'exit'
   11 | #include <ctype.h>
  +++ |+#include <stdlib.h>
   12 | #if ((' ' & 0x0FF) == 0x020)
conftest.c:28:7: warning: incompatible implicit declaration of built-in function 'exit' [-Wbuiltin-declaration-mismatch]
   28 |       exit(2);
      |       ^~~~
conftest.c:28:7: note: include '<stdlib.h>' or provide a declaration of 'exit'
conftest.c:29:3: warning: incompatible implicit declaration of built-in function 'exit' [-Wbuiltin-declaration-mismatch]
   29 |   exit (0);
      |   ^~~~
conftest.c:29:3: note: include '<stdlib.h>' or provide a declaration of 'exit'
configure:4405: $? = 0
configure:4407: ./conftest
configure:4410: $? = 0
configure:4425: result: yes
configure:4449: checking for sys/types.h
configure:4465: gcc -c -g -O0 -DDBUG_ON -DSAFE_MUTEX    conftest.c >&5
configure:4471: $? = 0
configure:4475: test -z 
			 || test ! -s conftest.err
configure:4478: $? = 0
configure:4481: test -s conftest.o
configure:4484: $? = 0
configure:4495: result: yes
configure:4449: checking for sys/stat.h
configure:4465: gcc -c -g -O0 -DDBUG_ON -DSAFE_MUTEX    conftest.c >&5
configure:4471: $? = 0
configure:4475: test -z 
			 || test ! -s conftest.err
configure:4478: $? = 0
configure:4481: test -s conftest.o
configure:4484: $? = 0
configure:4495: result: yes
configure:4449: checking for stdlib.h
configure:4465: gcc -c -g -O0 -DDBUG_ON -DSAFE_MUTEX    conftest.c >&5
configure:4471: $? = 0
configure:4475: test -z 
			 || test ! -s conftest.err
configure:4478: $? = 0
configure:4481: test -s conftest.o
configure:4484: $? = 0
configure:4495: result: yes
configure:4449: checking for string.h
configure:4465: gcc -c -g -O0 -DDBUG_ON -DSAFE_MUTEX    conftest.c >&5
configure:4471: $? = 0
configure:4475: test -z 
			 || test ! -s conftest.err
configure:4478: $? = 0
configure:4481: test -s conftest.o
configure:4484: $? = 0
configure:4495: result: yes
configure:4449: checking for memory.h
configure:4465: gcc -c -g -O0 -DDBUG_ON -DSAFE_MUTEX    conftest.c >&5
configure:4471: $? = 0
configure:4475: test -z 
			 || test ! -s conftest.err
configure:4478: $? = 0
configure:4481: test -s conftest.o
configure:4484: $? = 0
configure:4495: result: yes
configure:4449: checking for strings.h
configure:4465: gcc -c -g -O0 -DDBUG_ON -DSAFE_MUTEX    conftest.c >&5
configure:4471: $? = 0
configure:4475: test -z 
			 || test ! -s conftest.err
configure:4478: $? = 0
configure:4481: test -s conftest.o
configure:4484: $? = 0
configure:4495: result: yes
configure:4449: checking for inttypes.h
configure:4465: gcc -c -g -O0 -DDBUG_ON -DSAFE_MUTEX    conftest.c >&5
configure:4471: $? = 0
configure:4475: test -z 
			 || test ! -s conftest.err
configure:4478: $? = 0
configure:4481: test -s conftest.o
configure:4484: $? = 0
configure:4495: result: yes
configure:4449: checking for stdint.h
configure:4465: gcc -c -g -O0 -DDBUG_ON -DSAFE_MUTEX    conftest.c >&5
configure:4471: $? = 0
configure:4475: test -z 
			 || test ! -s conftest.err
configure:4478: $? = 0
configure:4481: test -s conftest.o
configure:4484: $? = 0
configure:4495: result: yes
configure:4449: checking for unistd.h
configure:4465: gcc -c -g -O0 -DDBUG_ON -DSAFE_MUTEX    conftest.c >&5
configure:4471: $? = 0
configure:4475: test -z 
			 || test ! -s conftest.err
configure:4478: $? = 0
configure:4481: test -s conftest.o
configure:4484: $? = 0
configure:4495: result: yes
configure:4521: checking dlfcn.h usability
configure:4533: gcc -c -g -O0 -DDBUG_ON -DSAFE_MUTEX    conftest.c >&5
configure:4539: $? = 0
configure:4543: test -z 
			 || test ! -s conftest.err
configure:4546: $? = 0
configure:4549: test -s conftest.o
configure:4552: $? = 0
configure:4562: result: yes
configure:4566: checking dlfcn.h presence
configure:4576: gcc -E  conftest.c
configure:4582: $? = 0
configure:4602: result: yes
configure:4637: checking for dlfcn.h
configure:4644: result: yes
configure:4751: checking for C++ compiler version
configure:4754: g++ --version </dev/null >&5
g++ (SUSE Linux) 12.2.1 20221020 [revision 0aaef83351473e8f4eb774f8f999bbe87a4866d7]
Copyright (C) 2022 Free Software Foundation, Inc.
This is free software; see the source for copying conditions.  There is NO
warranty; not even for MERCHANTABILITY or FITNESS FOR A PARTICULAR PURPOSE.

configure:4757: $? = 0
configure:4759: g++ -v </dev/null >&5
Using built-in specs.
COLLECT_GCC=g++
COLLECT_LTO_WRAPPER=/usr/lib64/gcc/x86_64-suse-linux/12/lto-wrapper
OFFLOAD_TARGET_NAMES=nvptx-none:amdgcn-amdhsa
OFFLOAD_TARGET_DEFAULT=1
Target: x86_64-suse-linux
Configured with: ../configure --prefix=/usr --infodir=/usr/share/info --mandir=/usr/share/man --libdir=/usr/lib64 --libexecdir=/usr/lib64 --enable-languages=c,c++,objc,fortran,obj-c++,ada,go,d,jit --enable-offload-targets=nvptx-none,amdgcn-amdhsa, --enable-offload-defaulted --without-cuda-driver --enable-host-shared --enable-checking=release --disable-werror --with-gxx-include-dir=/usr/include/c++/12 --enable-ssp --disable-libssp --disable-libvtv --enable-cet=auto --disable-libcc1 --enable-plugin --with-bugurl=https://bugs.opensuse.org/ --with-pkgversion='SUSE Linux' --with-slibdir=/lib64 --with-system-zlib --enable-libstdcxx-allocator=new --disable-libstdcxx-pch --enable-libphobos --enable-version-specific-runtime-libs --with-gcc-major-version-only --enable-linker-build-id --enable-linux-futex --enable-gnu-indirect-function --program-suffix=-12 --without-system-libunwind --enable-multilib --with-arch-32=x86-64 --with-tune=generic --with-build-config=bootstrap-lto-lean --enable-link-mutex --build=x86_64-suse-linux --host=x86_64-suse-linux
Thread model: posix
Supported LTO compression algorithms: zlib zstd
gcc version 12.2.1 20221020 [revision 0aaef83351473e8f4eb774f8f999bbe87a4866d7] (SUSE Linux) 
configure:4762: $? = 0
configure:4764: g++ -V </dev/null >&5
g++: error: unrecognized command-line option '-V'
g++: fatal error: no input files
compilation terminated.
configure:4767: $? = 1
configure:4770: checking whether we are using the GNU C++ compiler
configure:4794: g++ -c -g -O0 -DDBUG_ON -DSAFE_MUTEX -fno-implicit-templates -fno-exceptions -fno-rtti   conftest.cc >&5
configure:4800: $? = 0
configure:4804: test -z 
			 || test ! -s conftest.err
configure:4807: $? = 0
configure:4810: test -s conftest.o
configure:4813: $? = 0
configure:4826: result: yes
configure:4832: checking whether g++ accepts -g
configure:4853: g++ -c -g  conftest.cc >&5
configure:4859: $? = 0
configure:4863: test -z 
			 || test ! -s conftest.err
configure:4866: $? = 0
configure:4869: test -s conftest.o
configure:4872: $? = 0
configure:4883: result: yes
configure:4925: g++ -c -g -O0 -DDBUG_ON -DSAFE_MUTEX -fno-implicit-templates -fno-exceptions -fno-rtti   conftest.cc >&5
configure:4931: $? = 0
configure:4935: test -z 
			 || test ! -s conftest.err
configure:4938: $? = 0
configure:4941: test -s conftest.o
configure:4944: $? = 0
configure:4970: g++ -c -g -O0 -DDBUG_ON -DSAFE_MUTEX -fno-implicit-templates -fno-exceptions -fno-rtti   conftest.cc >&5
conftest.cc: In function 'int main()':
conftest.cc:26:1: error: 'exit' was not declared in this scope
   26 | exit (42);
      | ^~~~
conftest.cc:1:1: note: 'exit' is defined in header '<cstdlib>'; did you forget to '#include <cstdlib>'?
    1 | /* confdefs.h.  */
configure:4976: $? = 1
configure: failed program was:
| /* confdefs.h.  */
| 
| #define PACKAGE_NAME ""
| #define PACKAGE_TARNAME ""
| #define PACKAGE_VERSION ""
| #define PACKAGE_STRING ""
| #define PACKAGE_BUGREPORT ""
| #define PACKAGE "ib"
| #define VERSION "0.90"
| #define STDC_HEADERS 1
| #define HAVE_SYS_TYPES_H 1
| #define HAVE_SYS_STAT_H 1
| #define HAVE_STDLIB_H 1
| #define HAVE_STRING_H 1
| #define HAVE_MEMORY_H 1
| #define HAVE_STRINGS_H 1
| #define HAVE_INTTYPES_H 1
| #define HAVE_STDINT_H 1
| #define HAVE_UNISTD_H 1
| #define HAVE_DLFCN_H 1
| /* end confdefs.h.  */
| 
| int
| main ()
| {
| exit (42);
|   ;
|   return 0;
| }
configure:4925: g++ -c -g -O0 -DDBUG_ON -DSAFE_MUTEX -fno-implicit-templates -fno-exceptions -fno-rtti   conftest.cc >&5
conftest.cc:22:17: warning: 'void std::exit(int)' has not been declared within 'std'
   22 | extern "C" void std::exit (int) throw (); using std::exit;
      |                 ^~~
<built-in>: note: only here as a 'friend'
configure:4931: $? = 0
configure:4935: test -z 
			 || test ! -s conftest.err
configure:4938: $? = 0
configure:4941: test -s conftest.o
configure:4944: $? = 0
configure:4970: g++ -c -g -O0 -DDBUG_ON -DSAFE_MUTEX -fno-implicit-templates -fno-exceptions -fno-rtti   conftest.cc >&5
conftest.cc:22:17: warning: 'void std::exit(int)' has not been declared within 'std'
   22 | extern "C" void std::exit (int) throw (); using std::exit;
      |                 ^~~
<built-in>: note: only here as a 'friend'
configure:4976: $? = 0
configure:4980: test -z 
			 || test ! -s conftest.err
configure:4983: $? = 0
configure:4986: test -s conftest.o
configure:4989: $? = 0
configure:5014: checking dependency style of g++
configure:5099: result: gcc3
configure:5121: checking how to run the C++ preprocessor
configure:5152: g++ -E  conftest.cc
configure:5158: $? = 0
configure:5190: g++ -E  conftest.cc
conftest.cc:25:10: fatal error: ac_nonexistent.h: No such file or directory
   25 | #include <ac_nonexistent.h>
      |          ^~~~~~~~~~~~~~~~~~
compilation terminated.
configure:5196: $? = 1
configure: failed program was:
| /* confdefs.h.  */
| 
| #define PACKAGE_NAME ""
| #define PACKAGE_TARNAME ""
| #define PACKAGE_VERSION ""
| #define PACKAGE_STRING ""
| #define PACKAGE_BUGREPORT ""
| #define PACKAGE "ib"
| #define VERSION "0.90"
| #define STDC_HEADERS 1
| #define HAVE_SYS_TYPES_H 1
| #define HAVE_SYS_STAT_H 1
| #define HAVE_STDLIB_H 1
| #define HAVE_STRING_H 1
| #define HAVE_MEMORY_H 1
| #define HAVE_STRINGS_H 1
| #define HAVE_INTTYPES_H 1
| #define HAVE_STDINT_H 1
| #define HAVE_UNISTD_H 1
| #define HAVE_DLFCN_H 1
| #ifdef __cplusplus
| extern "C" void std::exit (int) throw (); using std::exit;
| #endif
| /* end confdefs.h.  */
| #include <ac_nonexistent.h>
configure:5235: result: g++ -E
configure:5259: g++ -E  conftest.cc
configure:5265: $? = 0
configure:5297: g++ -E  conftest.cc
conftest.cc:25:10: fatal error: ac_nonexistent.h: No such file or directory
   25 | #include <ac_nonexistent.h>
      |          ^~~~~~~~~~~~~~~~~~
compilation terminated.
configure:5303: $? = 1
configure: failed program was:
| /* confdefs.h.  */
| 
| #define PACKAGE_NAME ""
| #define PACKAGE_TARNAME ""
| #define PACKAGE_VERSION ""
| #define PACKAGE_STRING ""
| #define PACKAGE_BUGREPORT ""
| #define PACKAGE "ib"
| #define VERSION "0.90"
| #define STDC_HEADERS 1
| #define HAVE_SYS_TYPES_H 1
| #define HAVE_SYS_STAT_H 1
| #define HAVE_STDLIB_H 1
| #define HAVE_STRING_H 1
| #define HAVE_MEMORY_H 1
| #define HAVE_STRINGS_H 1
| #define HAVE_INTTYPES_H 1
| #define HAVE_STDINT_H 1
| #define HAVE_UNISTD_H 1
| #define HAVE_DLFCN_H 1
| #ifdef __cplusplus
| extern "C" void std::exit (int) throw (); using std::exit;
| #endif
| /* end confdefs.h.  */
| #include <ac_nonexistent.h>
configure:5398: checking for g77
configure:5427: result: no
configure:5398: checking for f77
configure:5427: result: no
configure:5398: checking for xlf
configure:5427: result: no
configure:5398: checking for frt
configure:5427: result: no
configure:5398: checking for pgf77
configure:5427: result: no
configure:5398: checking for fort77
configure:5427: result: no
configure:5398: checking for fl32
configure:5427: result: no
configure:5398: checking for af77
configure:5427: result: no
configure:5398: checking for f90
configure:5427: result: no
configure:5398: checking for xlf90
configure:5427: result: no
configure:5398: checking for pgf90
configure:5427: result: no
configure:5398: checking for epcf90
configure:5427: result: no
configure:5398: checking for f95
configure:5427: result: no
configure:5398: checking for fort
configure:5427: result: no
configure:5398: checking for xlf95
configure:5427: result: no
configure:5398: checking for ifc
configure:5427: result: no
configure:5398: checking for efc
configure:5427: result: no
configure:5398: checking for pgf95
configure:5427: result: no
configure:5398: checking for lf95
configure:5427: result: no
configure:5398: checking for gfortran
configure:5427: result: no
configure:5439: checking for Fortran 77 compiler version
configure:5442:  --version </dev/null >&5
./configure: line 5443: --version: command not found
configure:5445: $? = 127
configure:5447:  -v </dev/null >&5
./configure: line 5448: -v: command not found
configure:5450: $? = 127
configure:5452:  -V </dev/null >&5
./configure: line 5453: -V: command not found
configure:5455: $? = 127
configure:5463: checking whether we are using the GNU Fortran 77 compiler
configure:5477:  -c  conftest.F >&5
./configure: line 5478: -c: command not found
configure:5483: $? = 127
configure: failed program was:
|       program main
| #ifndef __GNUC__
|        choke me
| #endif
| 
|       end
configure:5509: result: no
configure:5515: checking whether  accepts -g
configure:5527:  -c -g conftest.f >&5
./configure: line 5528: -c: command not found
configure:5533: $? = 127
configure: failed program was:
|       program main
| 
|       end
configure:5558: result: no
configure:5588: checking the maximum length of command line arguments
configure:5653: result: 32768
configure:5664: checking command to parse /bin/nm -B output from gcc object
configure:5753: gcc -c -g -O0 -DDBUG_ON -DSAFE_MUTEX    conftest.c >&5
configure:5756: $? = 0
configure:5760: /bin/nm -B conftest.o \| sed -n -e 's/^.*[ 	]\([ABCDGIRSTW][ABCDGIRSTW]*\)[ 	][ 	]*\(\)\([_A-Za-z][_A-Za-z0-9]*\)$/\1 \2\3 \3/p' \> conftest.nm
configure:5763: $? = 0
configure:5815: gcc -o conftest -g -O0 -DDBUG_ON -DSAFE_MUTEX     -rdynamic  conftest.c conftstm.o >&5
configure:5818: $? = 0
configure:5856: result: ok
configure:5860: checking for objdir
configure:5875: result: .libs
configure:5965: checking for ar
configure:5992: result: ar
configure:6045: checking for ranlib
configure:6072: result: ranlib
configure:6125: checking for strip
configure:6141: found /bin/strip
configure:6152: result: strip
configure:6414: checking if gcc static flag  works
configure:6437: result: yes
configure:6455: checking if gcc supports -fno-rtti -fno-exceptions
configure:6473: gcc -c -g -O0 -DDBUG_ON -DSAFE_MUTEX    -fno-rtti -fno-exceptions conftest.c >&5
cc1: warning: command-line option '-fno-rtti' is valid for C++/D/ObjC++ but not for C
configure:6477: $? = 0
configure:6488: result: no
configure:6503: checking for gcc option to produce PIC
configure:6680: result: -fPIC
configure:6688: checking if gcc PIC flag -fPIC works
configure:6706: gcc -c -g -O0 -DDBUG_ON -DSAFE_MUTEX    -fPIC -DPIC conftest.c >&5
configure:6710: $? = 0
configure:6721: result: yes
configure:6745: checking if gcc supports -c -o file.o
configure:6766: gcc -c -g -O0 -DDBUG_ON -DSAFE_MUTEX    -o out/conftest2.o conftest.c >&5
configure:6770: $? = 0
configure:6790: result: yes
configure:6816: checking whether the gcc linker (/usr/x86_64-suse-linux/bin/ld -m elf_x86_64 -m elf_x86_64) supports shared libraries
configure:7664: result: yes
configure:7690: checking whether -lc should be explicitly linked in
configure:7695: gcc -c -g -O0 -DDBUG_ON -DSAFE_MUTEX    conftest.c >&5
configure:7698: $? = 0
configure:7712: gcc -shared conftest.o  -v -Wl,-soname -Wl,conftest -o conftest 2\>\&1 \| grep  -lc  \>/dev/null 2\>\&1
configure:7715: $? = 0
configure:7727: result: no
configure:7735: checking dynamic linker characteristics
configure:8101: gcc -c -g -O0 -DDBUG_ON -DSAFE_MUTEX    conftest.c >&5
configure:8104: $? = 0
configure:8296: result: GNU/Linux ld.so
configure:8300: checking how to hardcode library paths into programs
configure:8325: result: immediate
configure:8339: checking whether stripping libraries is possible
configure:8344: result: yes
configure:9174: checking if libtool supports shared libraries
configure:9176: result: yes
configure:9179: checking whether to build shared libraries
configure:9237: result: yes
configure:9240: checking whether to build static libraries
configure:9244: result: yes
configure:9336: creating libtool
configure:9883: checking for ld used by g++
configure:9950: result: /usr/x86_64-suse-linux/bin/ld -m elf_x86_64 -m elf_x86_64
configure:9959: checking if the linker (/usr/x86_64-suse-linux/bin/ld -m elf_x86_64 -m elf_x86_64) is GNU ld
configure:9974: result: yes
configure:10025: checking whether the g++ linker (/usr/x86_64-suse-linux/bin/ld -m elf_x86_64 -m elf_x86_64) supports shared libraries
configure:10853: result: yes
configure:10871: g++ -c -g -O0 -DDBUG_ON -DSAFE_MUTEX -fno-implicit-templates -fno-exceptions -fno-rtti   conftest.cc >&5
configure:10874: $? = 0
configure:10970: checking for g++ option to produce PIC
configure:11222: result: -fPIC
configure:11230: checking if g++ PIC flag -fPIC works
configure:11248: g++ -c -g -O0 -DDBUG_ON -DSAFE_MUTEX -fno-implicit-templates -fno-exceptions -fno-rtti   -fPIC -DPIC conftest.cc >&5
configure:11252: $? = 0
configure:11263: result: yes
configure:11287: checking if g++ supports -c -o file.o
configure:11308: g++ -c -g -O0 -DDBUG_ON -DSAFE_MUTEX -fno-implicit-templates -fno-exceptions -fno-rtti   -o out/conftest2.o conftest.cc >&5
configure:11312: $? = 0
configure:11332: result: yes
configure:11358: checking whether the g++ linker (/usr/x86_64-suse-linux/bin/ld -m elf_x86_64 -m elf_x86_64) supports shared libraries
configure:11383: result: yes
configure:11454: checking dynamic linker characteristics
configure:11820: g++ -c -g -O0 -DDBUG_ON -DSAFE_MUTEX -fno-implicit-templates -fno-exceptions -fno-rtti   conftest.cc >&5
configure:11823: $? = 0
configure:12015: result: GNU/Linux ld.so
configure:12019: checking how to hardcode library paths into programs
configure:12044: result: immediate
configure:12058: checking whether stripping libraries is possible
configure:12063: result: yes
configure:19355: checking aio.h usability
configure:19367: gcc -c -g -O0 -DDBUG_ON -DSAFE_MUTEX    conftest.c >&5
configure:19373: $? = 0
configure:19377: test -z 
			 || test ! -s conftest.err
configure:19380: $? = 0
configure:19383: test -s conftest.o
configure:19386: $? = 0
configure:19396: result: yes
configure:19400: checking aio.h presence
configure:19410: gcc -E  conftest.c
configure:19416: $? = 0
configure:19436: result: yes
configure:19471: checking for aio.h
configure:19478: result: yes
configure:19355: checking sched.h usability
configure:19367: gcc -c -g -O0 -DDBUG_ON -DSAFE_MUTEX    conftest.c >&5
configure:19373: $? = 0
configure:19377: test -z 
			 || test ! -s conftest.err
configure:19380: $? = 0
configure:19383: test -s conftest.o
configure:19386: $? = 0
configure:19396: result: yes
configure:19400: checking sched.h presence
configure:19410: gcc -E  conftest.c
configure:19416: $? = 0
configure:19436: result: yes
configure:19471: checking for sched.h
configure:19478: result: yes
configure:19491: checking for int
configure:19515: gcc -c -g -O0 -DDBUG_ON -DSAFE_MUTEX    conftest.c >&5
configure:19521: $? = 0
configure:19525: test -z 
			 || test ! -s conftest.err
configure:19528: $? = 0
configure:19531: test -s conftest.o
configure:19534: $? = 0
configure:19545: result: yes
configure:19548: checking size of int
configure:19867: gcc -o conftest -g -O0 -DDBUG_ON -DSAFE_MUTEX     -rdynamic  conftest.c  >&5
configure:19870: $? = 0
configure:19872: ./conftest
configure:19875: $? = 0
configure:19898: result: 4
configure:19905: checking for long
configure:19929: gcc -c -g -O0 -DDBUG_ON -DSAFE_MUTEX    conftest.c >&5
configure:19935: $? = 0
configure:19939: test -z 
			 || test ! -s conftest.err
configure:19942: $? = 0
configure:19945: test -s conftest.o
configure:19948: $? = 0
configure:19959: result: yes
configure:19962: checking size of long
configure:20281: gcc -o conftest -g -O0 -DDBUG_ON -DSAFE_MUTEX     -rdynamic  conftest.c  >&5
configure:20284: $? = 0
configure:20286: ./conftest
configure:20289: $? = 0
configure:20312: result: 8
configure:20319: checking for void*
configure:20343: gcc -c -g -O0 -DDBUG_ON -DSAFE_MUTEX    conftest.c >&5
configure:20349: $? = 0
configure:20353: test -z 
			 || test ! -s conftest.err
configure:20356: $? = 0
configure:20359: test -s conftest.o
configure:20362: $? = 0
configure:20373: result: yes
configure:20376: checking size of void*
configure:20695: gcc -o conftest -g -O0 -DDBUG_ON -DSAFE_MUTEX     -rdynamic  conftest.c  >&5
configure:20698: $? = 0
configure:20700: ./conftest
configure:20703: $? = 0
configure:20726: result: 8
configure:20737: checking for sched_yield
configure:20794: gcc -o conftest -g -O0 -DDBUG_ON -DSAFE_MUTEX     -rdynamic  conftest.c  >&5
configure:20800: $? = 0
configure:20804: test -z 
			 || test ! -s conftest.err
configure:20807: $? = 0
configure:20810: test -s conftest
configure:20813: $? = 0
configure:20825: result: yes
configure:20839: checking for fdatasync
configure:20896: gcc -o conftest -g -O0 -DDBUG_ON -DSAFE_MUTEX     -rdynamic  conftest.c  >&5
configure:20902: $? = 0
configure:20906: test -z 
			 || test ! -s conftest.err
configure:20909: $? = 0
configure:20912: test -s conftest
configure:20915: $? = 0
configure:20927: result: yes
configure:20941: checking for localtime_r
configure:20998: gcc -o conftest -g -O0 -DDBUG_ON -DSAFE_MUTEX     -rdynamic  conftest.c  >&5
configure:21004: $? = 0
configure:21008: test -z 
			 || test ! -s conftest.err
configure:21011: $? = 0
configure:21014: test -s conftest
configure:21017: $? = 0
configure:21029: result: yes
configure:21042: checking whether byte ordering is bigendian
configure:21069: gcc -c -g -O0 -DDBUG_ON -DSAFE_MUTEX    conftest.c >&5
configure:21075: $? = 0
configure:21079: test -z 
			 || test ! -s conftest.err
configure:21082: $? = 0
configure:21085: test -s conftest.o
configure:21088: $? = 0
configure:21112: gcc -c -g -O0 -DDBUG_ON -DSAFE_MUTEX    conftest.c >&5
conftest.c: In function 'main':
conftest.c:40:2: error: unknown type name 'not'; did you mean 'ino_t'?
   40 |  not big endian
      |  ^~~
      |  ino_t
conftest.c:40:10: error: expected '=', ',', ';', 'asm' or '__attribute__' before 'endian'
   40 |  not big endian
      |          ^~~~~~
configure:21118: $? = 1
configure: failed program was:
| /* confdefs.h.  */
| 
| #define PACKAGE_NAME ""
| #define PACKAGE_TARNAME ""
| #define PACKAGE_VERSION ""
| #define PACKAGE_STRING ""
| #define PACKAGE_BUGREPORT ""
| #define PACKAGE "ib"
| #define VERSION "0.90"
| #define STDC_HEADERS 1
| #define HAVE_SYS_TYPES_H 1
| #define HAVE_SYS_STAT_H 1
| #define HAVE_STDLIB_H 1
| #define HAVE_STRING_H 1
| #define HAVE_MEMORY_H 1
| #define HAVE_STRINGS_H 1
| #define HAVE_INTTYPES_H 1
| #define HAVE_STDINT_H 1
| #define HAVE_UNISTD_H 1
| #define HAVE_DLFCN_H 1
| #ifdef __cplusplus
| extern "C" void std::exit (int) throw (); using std::exit;
| #endif
| #define HAVE_AIO_H 1
| #define HAVE_SCHED_H 1
| #define SIZEOF_INT 4
| #define SIZEOF_LONG 8
| #define SIZEOF_VOIDP 8
| #define HAVE_SCHED_YIELD 1
| #define HAVE_FDATASYNC 1
| #define HAVE_LOCALTIME_R 1
| /* end confdefs.h.  */
| #include <sys/types.h>
| #include <sys/param.h>
| 
| int
| main ()
| {
| #if BYTE_ORDER != BIG_ENDIAN
|  not big endian
| #endif
| 
|   ;
|   return 0;
| }
configure:21253: result: no
configure:21478: creating ./config.status

## ---------------------- ##
## Running config.status. ##
## ---------------------- ##

This file was extended by config.status, which was
generated by GNU Autoconf 2.59.  Invocation command line was

  CONFIG_FILES    = 
  CONFIG_HEADERS  = 
  CONFIG_LINKS    = 
  CONFIG_COMMANDS = 
  $ ./config.status 

on localhost.localdomain

config.status:750: creating Makefile
config.status:750: creating os/Makefile
config.status:750: creating ut/Makefile
config.status:750: creating btr/Makefile
config.status:750: creating buf/Makefile
config.status:750: creating data/Makefile
config.status:750: creating dict/Makefile
config.status:750: creating dyn/Makefile
config.status:750: creating eval/Makefile
config.status:750: creating fil/Makefile
config.status:750: creating fsp/Makefile
config.status:750: creating fut/Makefile
config.status:750: creating ha/Makefile
config.status:750: creating ibuf/Makefile
config.status:750: creating include/Makefile
config.status:750: creating lock/Makefile
config.status:750: creating log/Makefile
config.status:750: creating mach/Makefile
config.status:750: creating mem/Makefile
config.status:750: creating mtr/Makefile
config.status:750: creating page/Makefile
config.status:750: creating pars/Makefile
config.status:750: creating que/Makefile
config.status:750: creating read/Makefile
config.status:750: creating rem/Makefile
config.status:750: creating row/Makefile
config.status:750: creating srv/Makefile
config.status:750: creating sync/Makefile
config.status:750: creating thr/Makefile
config.status:750: creating trx/Makefile
config.status:750: creating usr/Makefile
config.status:854: creating ib_config.h
config.status:978: ib_config.h is unchanged
config.status:1158: executing depfiles commands

## ---------------- ##
## Cache variables. ##
## ---------------- ##

ac_cv_build=x86_64-unknown-linux-gnu
ac_cv_build_alias=x86_64-unknown-linux-gnu
ac_cv_c_bigendian=no
ac_cv_c_compiler_gnu=yes
ac_cv_cxx_compiler_gnu=yes
ac_cv_env_CC_set=set
ac_cv_env_CC_value=gcc
ac_cv_env_CFLAGS_set=set
ac_cv_env_CFLAGS_value='-g -O0 -DDBUG_ON -DSAFE_MUTEX '
ac_cv_env_CPPFLAGS_set=
ac_cv_env_CPPFLAGS_value=
ac_cv_env_CPP_set=
ac_cv_env_CPP_value=
ac_cv_env_CXXCPP_set=
ac_cv_env_CXXCPP_value=
ac_cv_env_CXXFLAGS_set=set
ac_cv_env_CXXFLAGS_value='-g -O0 -DDBUG_ON -DSAFE_MUTEX -fno-implicit-templates -fno-exceptions -fno-rtti'
ac_cv_env_CXX_set=set
ac_cv_env_CXX_value=g++
ac_cv_env_F77_set=
ac_cv_env_F77_value=
ac_cv_env_FFLAGS_set=
ac_cv_env_FFLAGS_value=
ac_cv_env_LDFLAGS_set=set
ac_cv_env_LDFLAGS_value=' -rdynamic '
ac_cv_env_build_alias_set=
ac_cv_env_build_alias_value=
ac_cv_env_host_alias_set=
ac_cv_env_host_alias_value=
ac_cv_env_target_alias_set=
ac_cv_env_target_alias_value=
ac_cv_exeext=
ac_cv_f77_compiler_gnu=no
ac_cv_func_fdatasync=yes
ac_cv_func_localtime_r=yes
ac_cv_func_sched_yield=yes
ac_cv_header_aio_h=yes
ac_cv_header_dlfcn_h=yes
ac_cv_header_inttypes_h=yes
ac_cv_header_memory_h=yes
ac_cv_header_sched_h=yes
ac_cv_header_stdc=yes
ac_cv_header_stdint_h=yes
ac_cv_header_stdlib_h=yes
ac_cv_header_string_h=yes
ac_cv_header_strings_h=yes
ac_cv_header_sys_stat_h=yes
ac_cv_header_sys_types_h=yes
ac_cv_header_unistd_h=yes
ac_cv_host=x86_64-unknown-linux-gnu
ac_cv_host_alias=x86_64-unknown-linux-gnu
ac_cv_objext=o
ac_cv_path_install='/bin/install -c'
ac_cv_prog_AWK=gawk
ac_cv_prog_CPP='gcc -E'
ac_cv_prog_CXXCPP='g++ -E'
ac_cv_prog_ac_ct_AR=ar
ac_cv_prog_ac_ct_CC=gcc
ac_cv_prog_ac_ct_RANLIB=ranlib
ac_cv_prog_ac_ct_STRIP=strip
ac_cv_prog_cc_g=yes
ac_cv_prog_cc_stdc=
ac_cv_prog_cxx_g=yes
ac_cv_prog_egrep='grep -E'
ac_cv_prog_f77_g=no
ac_cv_prog_make_make_set=yes
ac_cv_sizeof_int=4
ac_cv_sizeof_long=8
ac_cv_sizeof_voidp=8
ac_cv_target=x86_64-unknown-linux-gnu
ac_cv_target_alias=x86_64-unknown-linux-gnu
ac_cv_type_int=yes
ac_cv_type_long=yes
ac_cv_type_voidp=yes
am_cv_CC_dependencies_compiler_type=gcc3
am_cv_CXX_dependencies_compiler_type=gcc3
lt_cv_deplibs_check_method=pass_all
lt_cv_file_magic_cmd='$MAGIC_CMD'
lt_cv_file_magic_test_file='/lib/libc.so* /lib/libc-*.so'
lt_cv_ld_reload_flag=-r
lt_cv_objdir=.libs
lt_cv_path_LD='/usr/x86_64-suse-linux/bin/ld -m elf_x86_64'
lt_cv_path_LDCXX='/usr/x86_64-suse-linux/bin/ld -m elf_x86_64 -m elf_x86_64'
lt_cv_path_NM='/bin/nm -B'
lt_cv_path_SED=/bin/sed
lt_cv_prog_compiler_c_o=yes
lt_cv_prog_compiler_c_o_CXX=yes
lt_cv_prog_compiler_rtti_exceptions=no
lt_cv_prog_gnu_ld=yes
lt_cv_prog_gnu_ldcxx=yes
lt_cv_sys_global_symbol_pipe='sed -n -e '\''s/^.*[ 	]\([ABCDGIRSTW][ABCDGIRSTW]*\)[ 	][ 	]*\(\)\([_A-Za-z][_A-Za-z0-9]*\)$/\1 \2\3 \3/p'\'''
lt_cv_sys_global_symbol_to_c_name_address='sed -n -e '\''s/^: \([^ ]*\) $/  {\"\1\", (lt_ptr) 0},/p'\'' -e '\''s/^[BCDEGRST] \([^ ]*\) \([^ ]*\)$/  {"\2", (lt_ptr) \&\2},/p'\'''
lt_cv_sys_global_symbol_to_cdecl='sed -n -e '\''s/^. .* \(.*\)$/extern int \1;/p'\'''
lt_cv_sys_max_cmd_len=32768
lt_lt_cv_prog_compiler_c_o='"yes"'
lt_lt_cv_prog_compiler_c_o_CXX='"yes"'
lt_lt_cv_sys_global_symbol_pipe='"sed -n -e '\''s/^.*[ 	]\\([ABCDGIRSTW][ABCDGIRSTW]*\\)[ 	][ 	]*\\(\\)\\([_A-Za-z][_A-Za-z0-9]*\\)\$/\\1 \\2\\3 \\3/p'\''"'
lt_lt_cv_sys_global_symbol_to_c_name_address='"sed -n -e '\''s/^: \\([^ ]*\\) \$/  {\\\"\\1\\\", (lt_ptr) 0},/p'\'' -e '\''s/^[BCDEGRST] \\([^ ]*\\) \\([^ ]*\\)\$/  {\"\\2\", (lt_ptr) \\&\\2},/p'\''"'
lt_lt_cv_sys_global_symbol_to_cdecl='"sed -n -e '\''s/^. .* \\(.*\\)\$/extern int \\1;/p'\''"'

## ----------------- ##
## Output variables. ##
## ----------------- ##

ACLOCAL='${SHELL} /run/media/kevin/Data/work/code/mysql-5.0.15-dev/trunk/mysql-5.0.15/missing --run aclocal-1.8'
AMDEPBACKSLASH='\'
AMDEP_FALSE='#'
AMDEP_TRUE=''
AMTAR='${SHELL} /run/media/kevin/Data/work/code/mysql-5.0.15-dev/trunk/mysql-5.0.15/missing --run tar'
AR='ar'
ARFLAGS='cru'
AUTOCONF='${SHELL} /run/media/kevin/Data/work/code/mysql-5.0.15-dev/trunk/mysql-5.0.15/missing --run autoconf'
AUTOHEADER='${SHELL} /run/media/kevin/Data/work/code/mysql-5.0.15-dev/trunk/mysql-5.0.15/missing --run autoheader'
AUTOMAKE='${SHELL} /run/media/kevin/Data/work/code/mysql-5.0.15-dev/trunk/mysql-5.0.15/missing --run automake-1.8'
AWK='gawk'
CC='gcc'
CCDEPMODE='depmode=gcc3'
CFLAGS='-g -O -DDBUG_ON -DSAFE_MUTEX -g -O0 -DDBUG_ON -DSAFE_MUTEX   -DUNIV_LINUX'
CPP='gcc -E'
CPPFLAGS=''
CXX='g++'
CXXCPP='g++ -E'
CXXDEPMODE='depmode=gcc3'
CXXFLAGS='-g -O -DSAFE_MUTEX -g -O0 -DDBUG_ON -DSAFE_MUTEX -fno-implicit-templates -fno-exceptions -fno-rtti '
CYGPATH_W='echo'
DEFS='-DHAVE_CONFIG_H'
DEPDIR='.deps'
ECHO='echo'
ECHO_C=''
ECHO_N='-n'
ECHO_T=''
EGREP='grep -E'
EXEEXT=''
F77=''
FFLAGS=''
INSTALL_DATA='${INSTALL} -m 644'
INSTALL_PROGRAM='${INSTALL}'
INSTALL_SCRIPT='${INSTALL}'
INSTALL_STRIP_PROGRAM='${SHELL} $(install_sh) -c -s'
LDFLAGS=' -rdynamic '
LIBOBJS=''
LIBS=''
LIBTOOL='$(SHELL) $(top_builddir)/libtool'
LN_S='ln -s'
LTLIBOBJS=''
MAINT='#'
MAINTAINER_MODE_FALSE=''
MAINTAINER_MODE_TRUE='#'
MAKEINFO='${SHELL} /run/media/kevin/Data/work/code/mysql-5.0.15-dev/trunk/mysql-5.0.15/missing --run makeinfo'
OBJEXT='o'
PACKAGE='ib'
PACKAGE_BUGREPORT=''
PACKAGE_NAME=''
PACKAGE_STRING=''
PACKAGE_TARNAME=''
PACKAGE_VERSION=''
PATH_SEPARATOR=':'
RANLIB='ranlib'
SET_MAKE=''
SHELL='/bin/sh'
STRIP='strip'
VERSION='0.90'
ac_ct_AR='ar'
ac_ct_CC='gcc'
ac_ct_CXX=''
ac_ct_F77=''
ac_ct_RANLIB='ranlib'
ac_ct_STRIP='strip'
am__fastdepCC_FALSE='#'
am__fastdepCC_TRUE=''
am__fastdepCXX_FALSE='#'
am__fastdepCXX_TRUE=''
am__include='include'
am__leading_dot='.'
am__quote=''
bindir='${exec_prefix}/bin'
build='x86_64-unknown-linux-gnu'
build_alias=''
build_cpu='x86_64'
build_os='linux-gnu'
build_vendor='unknown'
datadir='${prefix}/share'
exec_prefix='${prefix}'
host='x86_64-unknown-linux-gnu'
host_alias=''
host_cpu='x86_64'
host_os='linux-gnu'
host_vendor='unknown'
includedir='${prefix}/include'
infodir='${prefix}/info'
install_sh='/run/media/kevin/Data/work/code/mysql-5.0.15-dev/trunk/mysql-5.0.15/install-sh'
libdir='${exec_prefix}/lib64'
libexecdir='${exec_prefix}/libexec'
localstatedir='${prefix}/var'
mandir='${prefix}/man'
mkdir_p='mkdir -p -- .'
oldincludedir='/usr/include'
prefix='/usr/local'
program_transform_name='s,x,x,'
sbindir='${exec_prefix}/sbin'
sharedstatedir='${prefix}/com'
sysconfdir='${prefix}/etc'
target='x86_64-unknown-linux-gnu'
target_alias=''
target_cpu='x86_64'
target_os='linux-gnu'
target_vendor='unknown'

## ----------- ##
## confdefs.h. ##
## ----------- ##

#define HAVE_AIO_H 1
#define HAVE_DLFCN_H 1
#define HAVE_FDATASYNC 1
#define HAVE_INTTYPES_H 1
#define HAVE_LOCALTIME_R 1
#define HAVE_MEMORY_H 1
#define HAVE_SCHED_H 1
#define HAVE_SCHED_YIELD 1
#define HAVE_STDINT_H 1
#define HAVE_STDLIB_H 1
#define HAVE_STRINGS_H 1
#define HAVE_STRING_H 1
#define HAVE_SYS_STAT_H 1
#define HAVE_SYS_TYPES_H 1
#define HAVE_UNISTD_H 1
#define PACKAGE "ib"
#define PACKAGE_BUGREPORT ""
#define PACKAGE_NAME ""
#define PACKAGE_STRING ""
#define PACKAGE_TARNAME ""
#define PACKAGE_VERSION ""
#define SIZEOF_INT 4
#define SIZEOF_LONG 8
#define SIZEOF_VOIDP 8
#define STDC_HEADERS 1
#define VERSION "0.90"
#endif
#ifdef __cplusplus
extern "C" void std::exit (int) throw (); using std::exit;

configure: exit 0
